#
# There is insufficient memory for the Java Runtime Environment to continue.
# Native memory allocation (mmap) failed to map 134217728 bytes for Failed to commit area from 0x0000000081a00000 to 0x0000000089a00000 of length 134217728.
# Possible reasons:
#   The system is out of physical RAM or swap space
#   The process is running with CompressedOops enabled, and the Java Heap may be blocking the growth of the native heap
# Possible solutions:
#   Reduce memory load on the system
#   Increase physical memory or swap space
#   Check if swap backing store is full
#   Decrease Java heap size (-Xmx/-Xms)
#   Decrease number of Java threads
#   Decrease Java thread stack sizes (-Xss)
#   Set larger code cache with -XX:ReservedCodeCacheSize=
# This output file may be truncated or incomplete.
#
#  Out of Memory Error (t:/workspace/hotspot/src/os/windows/vm/os_windows.cpp:3357), pid=10924, tid=8384
#
# JRE version:  (9.0+11) (build )
# Java VM: Java HotSpot(TM) 64-Bit Server VM (9.0.1+11, mixed mode, tiered, compressed oops, g1 gc, windows-amd64)
# No core dump will be written. Minidumps are not enabled by default on client versions of Windows
#

---------------  S U M M A R Y ------------

Command Line: -javaagent:E:\intellij idea\IntelliJ IDEA 2017.3.2\lib\idea_rt.jar=61201:E:\intellij idea\IntelliJ IDEA 2017.3.2\bin -Dfile.encoding=UTF-8 cn.itcast.day05.MaxNumInArray

Host: Intel(R) Core(TM) i5-4200H CPU @ 2.80GHz, 4 cores, 7G,  Windows 10 , 64 bit Build 17134 (10.0.17134.1)
Time: Mon Mar 11 21:10:36 2019 ?D1¨²¡À¨º¡Á?¨º¡À?? elapsed time: 0 seconds (0d 0h 0m 0s)

---------------  T H R E A D  ---------------

Current thread (0x000002392bf39000):  JavaThread "Unknown thread" [_thread_in_vm, id=8384, stack(0x0000005973a00000,0x0000005973b00000)]

Stack: [0x0000005973a00000,0x0000005973b00000]
Native frames: (J=compiled Java code, j=interpreted, Vv=VM code, C=native code)
V  [jvm.dll+0x5870b8]
V  [jvm.dll+0x69c0ee]
V  [jvm.dll+0x69d00a]
V  [jvm.dll+0x69d643]
V  [jvm.dll+0x21d148]
V  [jvm.dll+0x584bf4]
V  [jvm.dll+0x57a005]
V  [jvm.dll+0x2cd46b]
V  [jvm.dll+0x2cd3d3]
V  [jvm.dll+0x2cd2a2]
V  [jvm.dll+0x2cf2a3]
V  [jvm.dll+0x319203]
V  [jvm.dll+0x319916]
V  [jvm.dll+0x319303]
V  [jvm.dll+0x2adbf8]
V  [jvm.dll+0x2aee37]
V  [jvm.dll+0x67b1ed]
V  [jvm.dll+0x67c5ac]
V  [jvm.dll+0x3269c9]
V  [jvm.dll+0x6653ee]
V  [jvm.dll+0x391931]
V  [jvm.dll+0x3938e1]
C  [java.exe+0x34f1]
C  [java.exe+0xe24f]
C  [java.exe+0xe3f6]
C  [KERNEL32.DLL+0x13034]
C  [ntdll.dll+0x73691]


---------------  P R O C E S S  ---------------

Java Threads: ( => current thread )

Other Threads:
  0x000002392bf4f800 GCTaskThread "GC Thread#0" [stack: 0x0000005973b00000,0x0000005973c00000] [id=2896]
  0x000002392bf51000 GCTaskThread "GC Thread#1" [stack: 0x0000005973c00000,0x0000005973d00000] [id=16896]
  0x000002392bf52800 GCTaskThread "GC Thread#2" [stack: 0x0000005973d00000,0x0000005973e00000] [id=7356]
  0x000002392bf55000 GCTaskThread "GC Thread#3" [stack: 0x0000005973e00000,0x0000005973f00000] [id=15228]
  0x000002392bfc7800 ConcurrentGCThread "G1 Main Marker" [stack: 0x0000005974400000,0x0000005974500000] [id=10460]
  0x000002392bfcd800 ConcurrentGCThread "G1 Marker#0" [stack: 0x0000005974500000,0x0000005974600000] [id=2272]
  0x000002392bf5e000 ConcurrentGCThread "G1 Refine#0" [stack: 0x0000005974200000,0x0000005974300000] [id=10468]
  0x000002392bf5d000 ConcurrentGCThread "G1 Refine#1" [stack: 0x0000005974100000,0x0000005974200000] [id=11980]
  0x000002392bf5b800 ConcurrentGCThread "G1 Refine#2" [stack: 0x0000005974000000,0x0000005974100000] [id=13924]
  0x000002392bf58000 ConcurrentGCThread "G1 Refine#3" [stack: 0x0000005973f00000,0x0000005974000000] [id=13664]
  0x000002392bf5f800 ConcurrentGCThread "G1 Young RemSet Sampling" [stack: 0x0000005974300000,0x0000005974400000] [id=1780]

=>0x000002392bf39000 (exited) JavaThread "Unknown thread" [_thread_in_vm, id=8384, stack(0x0000005973a00000,0x0000005973b00000)]

Threads with active compile tasks:

VM state:not at safepoint (not fully initialized)

VM Mutex/Monitor currently owned by a thread:  ([mutex/lock_event])
[0x000002392bf35460] Heap_lock - owner thread: 0x000002392bf39000

Heap address: 0x0000000081a00000, size: 2022 MB, Compressed Oops mode: Non-zero based: 0x0000000081a00000
Narrow klass base: 0x0000000000000000, Narrow klass shift: 0

GC Heap History (0 events):
No events

Deoptimization events (0 events):
No events

Classes redefined (0 events):
No events

Internal exceptions (0 events):
No events

Events (0 events):
No events


Dynamic libraries:
0x00007ff70d550000 - 0x00007ff70d58e000 	C:\Program Files\Java\jdk-9.0.1\bin\java.exe
0x00007fff267f0000 - 0x00007fff269d1000 	C:\WINDOWS\SYSTEM32\ntdll.dll
0x00007fff257e0000 - 0x00007fff25892000 	C:\WINDOWS\System32\KERNEL32.DLL
0x00007fff23760000 - 0x00007fff239d3000 	C:\WINDOWS\System32\KERNELBASE.dll
0x00007fff24160000 - 0x00007fff24201000 	C:\WINDOWS\System32\ADVAPI32.dll
0x00007fff240c0000 - 0x00007fff2415e000 	C:\WINDOWS\System32\msvcrt.dll
0x00007fff26000000 - 0x00007fff2605b000 	C:\WINDOWS\System32\sechost.dll
0x00007fff24260000 - 0x00007fff24384000 	C:\WINDOWS\System32\RPCRT4.dll
0x00007fff263c0000 - 0x00007fff26550000 	C:\WINDOWS\System32\USER32.dll
0x00007fff22dc0000 - 0x00007fff22de0000 	C:\WINDOWS\System32\win32u.dll
0x00007fff26650000 - 0x00007fff26678000 	C:\WINDOWS\System32\GDI32.dll
0x00007fff22c20000 - 0x00007fff22db2000 	C:\WINDOWS\System32\gdi32full.dll
0x00007fff23b90000 - 0x00007fff23c2f000 	C:\WINDOWS\System32\msvcp_win.dll
0x00007fff23a90000 - 0x00007fff23b8a000 	C:\WINDOWS\System32\ucrtbase.dll
0x00007fff136e0000 - 0x00007fff13949000 	C:\WINDOWS\WinSxS\amd64_microsoft.windows.common-controls_6595b64144ccf1df_6.0.17134.472_none_fb3f9af53068156d\COMCTL32.dll
0x00007fff1c010000 - 0x00007fff1c01a000 	C:\WINDOWS\SYSTEM32\VERSION.dll
0x00007fff23d90000 - 0x00007fff240b2000 	C:\WINDOWS\System32\combase.dll
0x00007fff22fd0000 - 0x00007fff2304a000 	C:\WINDOWS\System32\bcryptPrimitives.dll
0x00007fff24230000 - 0x00007fff2425d000 	C:\WINDOWS\System32\IMM32.DLL
0x00007fff0b410000 - 0x00007fff0b4ff000 	C:\Program Files\Java\jdk-9.0.1\bin\msvcr120.dll
0x00007fff11250000 - 0x00007fff112f6000 	C:\Program Files\Java\jdk-9.0.1\bin\msvcp120.dll
0x0000000069b00000 - 0x000000006a524000 	C:\Program Files\Java\jdk-9.0.1\bin\server\jvm.dll
0x00007fff26550000 - 0x00007fff26558000 	C:\WINDOWS\System32\PSAPI.DLL
0x00007fff1f040000 - 0x00007fff1f049000 	C:\WINDOWS\SYSTEM32\WSOCK32.dll
0x00007fff20910000 - 0x00007fff20933000 	C:\WINDOWS\SYSTEM32\WINMM.dll
0x00007fff26560000 - 0x00007fff265cc000 	C:\WINDOWS\System32\WS2_32.dll
0x00007fff20310000 - 0x00007fff2033a000 	C:\WINDOWS\SYSTEM32\WINMMBASE.dll
0x00007fff23c30000 - 0x00007fff23c79000 	C:\WINDOWS\System32\cfgmgr32.dll
0x00007fff1f200000 - 0x00007fff1f20f000 	C:\Program Files\Java\jdk-9.0.1\bin\verify.dll
0x00007fff1c2d0000 - 0x00007fff1c2f7000 	C:\Program Files\Java\jdk-9.0.1\bin\java.dll
0x00007fff1bae0000 - 0x00007fff1bb0a000 	C:\Program Files\Java\jdk-9.0.1\bin\instrument.dll
0x00007fff1d0c0000 - 0x00007fff1d0d6000 	C:\Program Files\Java\jdk-9.0.1\bin\zip.dll
0x00007fff1c320000 - 0x00007fff1c32a000 	C:\Program Files\Java\jdk-9.0.1\bin\jimage.dll
0x00007fff0a100000 - 0x00007fff0a2c9000 	C:\WINDOWS\SYSTEM32\dbghelp.dll

VM Arguments:
jvm_args: -javaagent:E:\intellij idea\IntelliJ IDEA 2017.3.2\lib\idea_rt.jar=61201:E:\intellij idea\IntelliJ IDEA 2017.3.2\bin -Dfile.encoding=UTF-8 
java_command: cn.itcast.day05.MaxNumInArray
java_class_path (initial): E:\JavaProject\out\production\NeverSayLove
Launcher Type: SUN_STANDARD

Logging:
Log output configuration:
#0: stdout all=warning uptime,level,tags
#1: stderr all=off uptime,level,tags

Environment Variables:
JAVA_HOME=C:\Program Files\Java\jdk-9.0.1
PATH=C:\Program Files\Java\jdk-9.0.1\bin;C:\ProgramData\Oracle\Java\javapath;C:\WINDOWS\system32;C:\WINDOWS;C:\WINDOWS\System32\Wbem;C:\WINDOWS\System32\WindowsPowerShell\v1.0\;C:\Program Files (x86)\NVIDIA Corporation\PhysX\Common;C:\WINDOWS\system32;C:\WINDOWS;C:\WINDOWS\System32\Wbem;C:\WINDOWS\System32\WindowsPowerShell\v1.0\;C:\WINDOWS\System32\OpenSSH\;C:\Program Files\Microsoft SQL Server\Client SDK\ODBC\110\Tools\Binn\;C:\Program Files (x86)\Microsoft SQL Server\120\Tools\Binn\;C:\Program Files\Microsoft SQL Server\120\Tools\Binn\;C:\Program Files\Microsoft SQL Server\120\DTS\Binn\;C:\Program Files (x86)\Windows Kits\8.1\Windows Performance Toolkit\;C:\Users\sn\AppData\Local\Microsoft\WindowsApps;
USERNAME=sn
OS=Windows_NT
PROCESSOR_IDENTIFIER=Intel64 Family 6 Model 60 Stepping 3, GenuineIntel



---------------  S Y S T E M  ---------------

OS: Windows 10 , 64 bit Build 17134 (10.0.17134.1)

CPU:total 4 (initial active 4) (2 cores per cpu, 2 threads per core) family 6 model 60 stepping 3, cmov, cx8, fxsr, mmx, sse, sse2, sse3, ssse3, sse4.1, sse4.2, popcnt, avx, avx2, aes, clmul, erms, lzcnt, ht, tsc, tscinvbit, bmi1, bmi2, fma

Memory: 4k page, physical 8274848k(3648952k free), swap 8786848k(112928k free)

vm_info: Java HotSpot(TM) 64-Bit Server VM (9.0.1+11) for windows-amd64 JRE (9.0.1+11), built on Sep 28 2017 04:54:03 by "mach5one" with MS VC++ 12.0 (VS2013)

END.
